
> tdt-frontend@0.1.0 dev
> NODE_OPTIONS='--require dd-trace/init' DD_SERVICE='frontend' DD_TRACE_AGENT_PORT=8136 next dev -p 3001

   ▲ Next.js 15.0.3
   - Local:        http://localhost:3001

 ✓ Starting...
 ✓ Ready in 1238ms
 ○ Compiling /they ...

🌼   daisyUI 4.12.14
├─ ✔︎ 2 themes added		https://daisyui.com/docs/themes
╰─ ★ Star daisyUI on GitHub	https://github.com/saadeghi/daisyui

 ✓ Compiled /they in 1367ms (694 modules)
 GET /they 200 in 1785ms
 ✓ Compiled in 245ms (309 modules)
 ✓ Compiled /api/getAllNames in 157ms (400 modules)
 ✓ Compiled in 73ms (296 modules)
 GET /favicon.ico 200 in 328ms
 GET /api/getAllNames 200 in 531ms
 ✓ Compiled /api/postName in 218ms (702 modules)
{ name: { value: 'John' } }
response from POST request {
  id: 9,
  name: null,
  created_at: '2025-02-07T21:17:43.554Z',
  updated_at: '2025-02-07T21:17:43.554Z'
}
 POST /api/postName 200 in 310ms
 GET /they 200 in 113ms
 GET /favicon.ico 200 in 12ms
 GET /api/getAllNames 200 in 28ms
 ✓ Compiled in 349ms (695 modules)
 GET /they 200 in 84ms
 ✓ Compiled in 181ms (695 modules)
 GET /they 200 in 72ms
 GET /they 200 in 82ms
 ✓ Compiled /api/getAllNames in 63ms (400 modules)
 ✓ Compiled (404 modules)
 GET /favicon.ico 200 in 199ms
 GET /api/getAllNames 200 in 210ms
 ✓ Compiled /api/postName in 125ms (406 modules)
{ name: { name: 'Sam' } }
response from POST request {
  id: 12,
  name: 'Sam',
  created_at: '2025-02-07T21:24:09.410Z',
  updated_at: '2025-02-07T21:24:09.410Z'
}
 POST /api/postName 200 in 179ms
 GET /they 200 in 94ms
 GET /favicon.ico 200 in 10ms
 GET /api/getAllNames 200 in 21ms
 ✓ Compiled in 163ms (310 modules)
 GET /they 200 in 11ms
 ✓ Compiled in 162ms (310 modules)
 GET /they 200 in 13ms
 GET /they 200 in 34ms
 ✓ Compiled in 146ms (681 modules)
 GET /they 200 in 79ms
 ✓ Compiled in 159ms (310 modules)
 GET /they 200 in 11ms
 ✓ Compiled in 144ms (310 modules)
 GET /they 200 in 9ms
 ✓ Compiled in 96ms (310 modules)
 GET /they 200 in 8ms
 ✓ Compiled in 93ms (310 modules)
 GET /they 200 in 11ms
 ✓ Compiled in 128ms (310 modules)
 GET /they 200 in 9ms
 ✓ Compiled in 95ms (310 modules)
 GET /they 200 in 9ms
 ✓ Compiled in 97ms (310 modules)
 GET /they 200 in 7ms
 ✓ Compiled in 120ms (310 modules)
 GET /they 200 in 9ms
 ✓ Compiled in 102ms (310 modules)
 GET /they 200 in 7ms
 ✓ Compiled in 80ms (310 modules)
 GET /they 200 in 8ms
 ✓ Compiled in 128ms (310 modules)
 GET /they 200 in 8ms
 ✓ Compiled in 111ms (310 modules)
 GET /they 200 in 12ms
 ✓ Compiled in 110ms (310 modules)
 GET /they 200 in 7ms
 ✓ Compiled in 95ms (310 modules)
 GET /they 200 in 7ms
 ✓ Compiled in 113ms (310 modules)
 GET /they 200 in 8ms
 ✓ Compiled in 134ms (310 modules)
 GET /they 200 in 12ms
 ✓ Compiled in 140ms (310 modules)
 GET /they 200 in 7ms
 ✓ Compiled in 105ms (310 modules)
 GET /they 200 in 7ms
 ✓ Compiled in 128ms (310 modules)
 GET /they 200 in 7ms
 ✓ Compiled in 107ms (310 modules)
 GET /they 200 in 7ms
 ✓ Compiled in 127ms (310 modules)
 GET /they 200 in 8ms
 ✓ Compiled in 97ms (310 modules)
 GET /they 200 in 7ms
 ✓ Compiled in 128ms (310 modules)
 GET /they 200 in 8ms
 ✓ Compiled in 95ms (310 modules)
 GET /they 200 in 7ms
 GET /they 200 in 79ms
 ✓ Compiled /api/getAllNames in 95ms (400 modules)
 ✓ Compiled (404 modules)
 GET /favicon.ico 200 in 196ms
 GET /api/getAllNames 200 in 197ms
 ✓ Compiled in 136ms (310 modules)
 GET /they 200 in 29ms
 ✓ Compiled in 92ms (310 modules)
 GET /they 200 in 7ms
 ✓ Compiled in 127ms (310 modules)
 GET /they 200 in 7ms
 ✓ Compiled in 100ms (310 modules)
 GET /they 200 in 8ms
 ✓ Compiled in 137ms (310 modules)
 GET /they 200 in 8ms
 ✓ Compiled in 100ms (310 modules)
 GET /they 200 in 6ms
 ✓ Compiled in 125ms (310 modules)
 GET /they 200 in 9ms
 ✓ Compiled in 93ms (310 modules)
 GET /they 200 in 8ms
 ✓ Compiled in 129ms (310 modules)
 GET /they 200 in 9ms
 ✓ Compiled in 103ms (310 modules)
 GET /they 200 in 10ms
 ✓ Compiled in 124ms (310 modules)
 GET /they 200 in 9ms
 ✓ Compiled in 83ms (310 modules)
 GET /they 200 in 9ms
 ⨯ ./src/app/components/They/TheyForm.js
Error:   [31mx[0m Unexpected token. Did you mean `{'}'}` or `&rbrace;`?
    ,-[[36;1;4m/Users/tori.watkis/Documents/sandboxes/they-doing-that/they-doing-that/frontend/src/app/components/They/TheyForm.js[0m:44:1]
 [2m41[0m |         
 [2m42[0m |         </div>
 [2m43[0m |     )
 [2m44[0m | }
    : [35;1m^[0m
 [2m45[0m | 
 [2m46[0m | export default TheyForm
    `----
  [31mx[0m Unterminated JSX contents
    ,-[[36;1;4m/Users/tori.watkis/Documents/sandboxes/they-doing-that/they-doing-that/frontend/src/app/components/They/TheyForm.js[0m:42:1]
 [2m39[0m |               <button type="submit" className="btn  ml-36 mr-36 mt-4 border-0 bg-red-800 rounded-full">add a subject</button>
 [2m40[0m |               <button type="submit" className="btn  ml-36 mr-36 mt-4 border-0 bg-red-800 rounded-full">remove a subject</button>
 [2m41[0m |             
 [2m42[0m | [35;1m,[0m[35;1m-[0m[35;1m>[0m         </div>
 [2m43[0m | [35;1m|[0m       )
 [2m44[0m | [35;1m|[0m   }
 [2m45[0m | [35;1m|[0m   
 [2m46[0m | [35;1m`[0m[35;1m-[0m[35;1m>[0m export default TheyForm
    `----
  [31mx[0m Unexpected eof
    ,-[[36;1;4m/Users/tori.watkis/Documents/sandboxes/they-doing-that/they-doing-that/frontend/src/app/components/They/TheyForm.js[0m:46:1]
 [2m43[0m |     )
 [2m44[0m | }
 [2m45[0m | 
 [2m46[0m | export default TheyForm
    `----

Caused by:
    Syntax Error

Import trace for requested module:
./src/app/components/They/TheyForm.js
./src/app/they/page.js
 ⨯ ./src/app/components/They/TheyForm.js
Error:   [31mx[0m Unexpected token. Did you mean `{'}'}` or `&rbrace;`?
    ,-[[36;1;4m/Users/tori.watkis/Documents/sandboxes/they-doing-that/they-doing-that/frontend/src/app/components/They/TheyForm.js[0m:45:1]
 [2m42[0m |         
 [2m43[0m |         </div>
 [2m44[0m |     )
 [2m45[0m | }
    : [35;1m^[0m
 [2m46[0m | 
 [2m47[0m | export default TheyForm
    `----
  [31mx[0m Unterminated JSX contents
    ,-[[36;1;4m/Users/tori.watkis/Documents/sandboxes/they-doing-that/they-doing-that/frontend/src/app/components/They/TheyForm.js[0m:43:1]
 [2m40[0m |               
 [2m41[0m |               <button type="submit" className="btn  ml-36 mr-36 mt-4 border-0 bg-red-800 rounded-full">remove a subject</button>
 [2m42[0m |             
 [2m43[0m | [35;1m,[0m[35;1m-[0m[35;1m>[0m         </div>
 [2m44[0m | [35;1m|[0m       )
 [2m45[0m | [35;1m|[0m   }
 [2m46[0m | [35;1m|[0m   
 [2m47[0m | [35;1m`[0m[35;1m-[0m[35;1m>[0m export default TheyForm
    `----
  [31mx[0m Unexpected eof
    ,-[[36;1;4m/Users/tori.watkis/Documents/sandboxes/they-doing-that/they-doing-that/frontend/src/app/components/They/TheyForm.js[0m:47:1]
 [2m44[0m |     )
 [2m45[0m | }
 [2m46[0m | 
 [2m47[0m | export default TheyForm
    `----

Caused by:
    Syntax Error

Import trace for requested module:
./src/app/components/They/TheyForm.js
./src/app/they/page.js
 ✓ Compiled in 266ms (695 modules)
 GET /they 200 in 69ms
 ✓ Compiled in 135ms (695 modules)
 GET /they 200 in 40ms
 ✓ Compiled in 133ms (695 modules)
 GET /they 200 in 21ms
 ⨯ ./src/app/components/They/TheyForm.js
Error:   [31mx[0m Expression expected
    ,-[[36;1;4m/Users/tori.watkis/Documents/sandboxes/they-doing-that/they-doing-that/frontend/src/app/components/They/TheyForm.js[0m:42:1]
 [2m39[0m |           <button type="submit" className="btn  ml-36 mr-36 mt-4 border-0 bg-red-800 rounded-full">add a subject</button>
 [2m40[0m |         </form>
 [2m41[0m |         <
 [2m42[0m |           <button type="submit" className="btn  ml-36 mr-36 mt-4 border-0 bg-red-800 rounded-full">remove a subject</button>
    : [35;1m          ^[0m
 [2m43[0m |         
 [2m44[0m |         </div>
 [2m45[0m |     )
    `----
  [31mx[0m Expression expected
    ,-[[36;1;4m/Users/tori.watkis/Documents/sandboxes/they-doing-that/they-doing-that/frontend/src/app/components/They/TheyForm.js[0m:42:1]
 [2m39[0m |           <button type="submit" className="btn  ml-36 mr-36 mt-4 border-0 bg-red-800 rounded-full">add a subject</button>
 [2m40[0m |         </form>
 [2m41[0m |         <
 [2m42[0m |           <button type="submit" className="btn  ml-36 mr-36 mt-4 border-0 bg-red-800 rounded-full">remove a subject</button>
    : [35;1m           ^^^^^^[0m
 [2m43[0m |         
 [2m44[0m |         </div>
 [2m45[0m |     )
    `----

Caused by:
    Syntax Error

Import trace for requested module:
./src/app/components/They/TheyForm.js
./src/app/they/page.js
 ⨯ ./src/app/components/They/TheyForm.js
Error:   [31mx[0m Expression expected
    ,-[[36;1;4m/Users/tori.watkis/Documents/sandboxes/they-doing-that/they-doing-that/frontend/src/app/components/They/TheyForm.js[0m:42:1]
 [2m39[0m |           <button type="submit" className="btn  ml-36 mr-36 mt-4 border-0 bg-red-800 rounded-full">add a subject</button>
 [2m40[0m |         </form>
 [2m41[0m |         <For
 [2m42[0m |           <button type="submit" className="btn  ml-36 mr-36 mt-4 border-0 bg-red-800 rounded-full">remove a subject</button>
    : [35;1m          ^[0m
 [2m43[0m |         
 [2m44[0m |         </div>
 [2m45[0m |     )
    `----
  [31mx[0m Expression expected
    ,-[[36;1;4m/Users/tori.watkis/Documents/sandboxes/they-doing-that/they-doing-that/frontend/src/app/components/They/TheyForm.js[0m:42:1]
 [2m39[0m |           <button type="submit" className="btn  ml-36 mr-36 mt-4 border-0 bg-red-800 rounded-full">add a subject</button>
 [2m40[0m |         </form>
 [2m41[0m |         <For
 [2m42[0m |           <button type="submit" className="btn  ml-36 mr-36 mt-4 border-0 bg-red-800 rounded-full">remove a subject</button>
    : [35;1m           ^^^^^^[0m
 [2m43[0m |         
 [2m44[0m |         </div>
 [2m45[0m |     )
    `----

Caused by:
    Syntax Error

Import trace for requested module:
./src/app/components/They/TheyForm.js
./src/app/they/page.js
 ⨯ ./src/app/components/They/TheyForm.js
Error:   [31mx[0m Expression expected
    ,-[[36;1;4m/Users/tori.watkis/Documents/sandboxes/they-doing-that/they-doing-that/frontend/src/app/components/They/TheyForm.js[0m:42:1]
 [2m39[0m |           <button type="submit" className="btn  ml-36 mr-36 mt-4 border-0 bg-red-800 rounded-full">add a subject</button>
 [2m40[0m |         </form>
 [2m41[0m |         <form
 [2m42[0m |           <button type="submit" className="btn  ml-36 mr-36 mt-4 border-0 bg-red-800 rounded-full">remove a subject</button>
    : [35;1m          ^[0m
 [2m43[0m |         
 [2m44[0m |         </div>
 [2m45[0m |     )
    `----
  [31mx[0m Expression expected
    ,-[[36;1;4m/Users/tori.watkis/Documents/sandboxes/they-doing-that/they-doing-that/frontend/src/app/components/They/TheyForm.js[0m:42:1]
 [2m39[0m |           <button type="submit" className="btn  ml-36 mr-36 mt-4 border-0 bg-red-800 rounded-full">add a subject</button>
 [2m40[0m |         </form>
 [2m41[0m |         <form
 [2m42[0m |           <button type="submit" className="btn  ml-36 mr-36 mt-4 border-0 bg-red-800 rounded-full">remove a subject</button>
    : [35;1m           ^^^^^^[0m
 [2m43[0m |         
 [2m44[0m |         </div>
 [2m45[0m |     )
    `----

Caused by:
    Syntax Error

Import trace for requested module:
./src/app/components/They/TheyForm.js
./src/app/they/page.js
 ✓ Compiled in 127ms (695 modules)
 GET /they 200 in 41ms
 ⨯ ./src/app/components/They/TheyForm.js
Error:   [31mx[0m Unexpected token. Did you mean `{'}'}` or `&rbrace;`?
    ,-[[36;1;4m/Users/tori.watkis/Documents/sandboxes/they-doing-that/they-doing-that/frontend/src/app/components/They/TheyForm.js[0m:46:1]
 [2m43[0m |         
 [2m44[0m |         </div>
 [2m45[0m |     )
 [2m46[0m | }
    : [35;1m^[0m
 [2m47[0m | 
 [2m48[0m | export default TheyForm
    `----
  [31mx[0m Unterminated JSX contents
    ,-[[36;1;4m/Users/tori.watkis/Documents/sandboxes/they-doing-that/they-doing-that/frontend/src/app/components/They/TheyForm.js[0m:44:1]
 [2m41[0m |             <form>
 [2m42[0m |               <button type="submit" className="btn  ml-36 mr-36 mt-4 border-0 bg-red-800 rounded-full">remove a subject</button>
 [2m43[0m |             
 [2m44[0m | [35;1m,[0m[35;1m-[0m[35;1m>[0m         </div>
 [2m45[0m | [35;1m|[0m       )
 [2m46[0m | [35;1m|[0m   }
 [2m47[0m | [35;1m|[0m   
 [2m48[0m | [35;1m`[0m[35;1m-[0m[35;1m>[0m export default TheyForm
    `----
  [31mx[0m Unexpected eof
    ,-[[36;1;4m/Users/tori.watkis/Documents/sandboxes/they-doing-that/they-doing-that/frontend/src/app/components/They/TheyForm.js[0m:48:1]
 [2m45[0m |     )
 [2m46[0m | }
 [2m47[0m | 
 [2m48[0m | export default TheyForm
    `----

Caused by:
    Syntax Error

Import trace for requested module:
./src/app/components/They/TheyForm.js
./src/app/they/page.js
 ⨯ ./src/app/components/They/TheyForm.js
Error:   [31mx[0m Unexpected token. Did you mean `{'}'}` or `&rbrace;`?
    ,-[[36;1;4m/Users/tori.watkis/Documents/sandboxes/they-doing-that/they-doing-that/frontend/src/app/components/They/TheyForm.js[0m:47:1]
 [2m44[0m |         
 [2m45[0m |         </div>
 [2m46[0m |     )
 [2m47[0m | }
    : [35;1m^[0m
 [2m48[0m | 
 [2m49[0m | export default TheyForm
    `----
  [31mx[0m Unterminated JSX contents
    ,-[[36;1;4m/Users/tori.watkis/Documents/sandboxes/they-doing-that/they-doing-that/frontend/src/app/components/They/TheyForm.js[0m:45:1]
 [2m42[0m |               <button type="submit" className="btn  ml-36 mr-36 mt-4 border-0 bg-red-800 rounded-full">remove a subject</button>
 [2m43[0m |               
 [2m44[0m |             
 [2m45[0m | [35;1m,[0m[35;1m-[0m[35;1m>[0m         </div>
 [2m46[0m | [35;1m|[0m       )
 [2m47[0m | [35;1m|[0m   }
 [2m48[0m | [35;1m|[0m   
 [2m49[0m | [35;1m`[0m[35;1m-[0m[35;1m>[0m export default TheyForm
    `----
  [31mx[0m Unexpected eof
    ,-[[36;1;4m/Users/tori.watkis/Documents/sandboxes/they-doing-that/they-doing-that/frontend/src/app/components/They/TheyForm.js[0m:49:1]
 [2m46[0m |     )
 [2m47[0m | }
 [2m48[0m | 
 [2m49[0m | export default TheyForm
    `----

Caused by:
    Syntax Error

Import trace for requested module:
./src/app/components/They/TheyForm.js
./src/app/they/page.js
 ✓ Compiled in 147ms (695 modules)
 GET /they 200 in 44ms
 ✓ Compiled in 178ms (695 modules)
 GET /they 200 in 25ms
 ✓ Compiled in 133ms (695 modules)
 GET /they 200 in 25ms
 ✓ Compiled in 236ms (695 modules)
 GET /they 200 in 46ms
 ✓ Compiled in 151ms (695 modules)
 GET /they 200 in 35ms
 ⨯ ./src/app/components/They/TheyForm.js
Error:   [31mx[0m Unexpected token `string literal ( className=, " className=")`. Expected jsx identifier
    ,-[[36;1;4m/Users/tori.watkis/Documents/sandboxes/they-doing-that/they-doing-that/frontend/src/app/components/They/TheyForm.js[0m:42:1]
 [2m39[0m |           <button type="submit" className="btn  ml-36 mr-36 mt-4 border-0 bg-red-800 rounded-full">add a subject</button>
 [2m40[0m |         </form>
 [2m41[0m |         <form className="flex flex-col justify-stretch w-full m-auto>
 [2m42[0m |           <button type="submit" className="btn  ml-36 mr-36 mt-4 border-0 bg-red-800 rounded-full">remove a subject</button>
    : [35;1m                              ^^^^^^^^^^^^^[0m
 [2m43[0m |         </form>
 [2m44[0m |         
 [2m45[0m |         </div>
    `----

Caused by:
    Syntax Error

Import trace for requested module:
./src/app/components/They/TheyForm.js
./src/app/they/page.js
 ✓ Compiled in 123ms (695 modules)
 GET /they 200 in 23ms
 ✓ Compiled in 134ms (695 modules)
 GET /they 200 in 32ms
 ✓ Compiled in 194ms (695 modules)
 GET /they 200 in 29ms
 ✓ Compiled in 140ms (695 modules)
 GET /they 200 in 22ms
 ✓ Compiled in 143ms (695 modules)
 GET /they 200 in 25ms
 ✓ Compiled in 123ms (695 modules)
 GET /they 200 in 24ms
 ✓ Compiled in 193ms (695 modules)
 GET /they 200 in 52ms
 ✓ Compiled in 131ms (695 modules)
 GET /they 200 in 41ms
 ✓ Compiled in 132ms (695 modules)
 GET /they 200 in 22ms
 ✓ Compiled in 143ms (695 modules)
 GET /they 200 in 23ms
 ✓ Compiled in 155ms (695 modules)
 GET /they 200 in 25ms
 ✓ Compiled in 141ms (695 modules)
 GET /they 200 in 21ms
 ✓ Compiled in 174ms (695 modules)
 GET /they 200 in 25ms
 ✓ Compiled in 118ms (695 modules)
 GET /they 200 in 22ms
 ✓ Compiled in 152ms (695 modules)
 GET /they 200 in 25ms
 ✓ Compiled in 129ms (695 modules)
 GET /they 200 in 22ms
 ✓ Compiled in 167ms (695 modules)
 GET /they 200 in 27ms
 ✓ Compiled in 118ms (695 modules)
 GET /they 200 in 26ms
 ✓ Compiled in 168ms (695 modules)
 GET /they 200 in 25ms
 ✓ Compiled in 151ms (695 modules)
 GET /they 200 in 42ms
 ✓ Compiled in 139ms (695 modules)
 GET /they 200 in 23ms
 GET /they 200 in 69ms
 ✓ Compiled /api/getAllNames in 124ms (400 modules)
 ✓ Compiled (404 modules)
 GET /favicon.ico 200 in 214ms
 GET /api/getAllNames 200 in 211ms
 ✓ Compiled in 182ms (714 modules)
 GET /they 200 in 41ms
 ✓ Compiled in 104ms (714 modules)
 GET /they 200 in 44ms
 ✓ Compiled in 157ms (714 modules)
 GET /they 200 in 26ms
 ✓ Compiled in 123ms (714 modules)
 GET /they 200 in 30ms
 ✓ Compiled in 133ms (714 modules)
 GET /they 200 in 37ms
 ✓ Compiled in 176ms (714 modules)
 GET /they 200 in 29ms
 ✓ Compiled in 163ms (714 modules)
 GET /they 200 in 22ms
 ✓ Compiled in 174ms (714 modules)
 GET /they 200 in 25ms
 ✓ Compiled in 131ms (714 modules)
 GET /they 200 in 22ms
 ✓ Compiled in 175ms (714 modules)
 GET /they 200 in 38ms
 ✓ Compiled in 144ms (714 modules)
 GET /they 200 in 22ms
 ✓ Compiled in 150ms (714 modules)
 GET /they 200 in 30ms
 ✓ Compiled in 215ms (714 modules)
 GET /they 200 in 21ms
 ✓ Compiled in 169ms (695 modules)
 GET /they 200 in 69ms
 ✓ Compiled in 128ms (695 modules)
 GET /they 200 in 36ms
 ✓ Compiled in 130ms (695 modules)
 GET /they 200 in 24ms
 ✓ Compiled in 166ms (695 modules)
 GET /they 200 in 22ms
 ✓ Compiled in 139ms (695 modules)
 GET /they 200 in 24ms
 ✓ Compiled in 199ms (695 modules)
 GET /they 200 in 48ms
