2024/11/26 09:42:31 Logging started...
2024/11/26 09:42:31 Application is starting...
2024/11/26 09:42:31 Database connection established.
2024/11/26 09:42:31 Starting server on :8080...
2024/11/26 09:48:09 Logging started...
2024/11/26 09:48:09 Application is starting...
2024/11/26 09:48:09 Database connection established.
2024/11/26 09:48:09 Datadog tracer starting
2024/11/26 09:48:09 Starting server on :8080...
2024/11/26 09:51:03 Logging started...
2024/11/26 09:51:03 Application is starting...
2024/11/26 09:51:03 Database connection established.
2024/11/26 09:51:03 Datadog tracer starting
2024/11/26 09:51:03 Starting server on :8080...
2024/11/26 10:47:38 Logging started...
2024/11/26 10:47:38 Application is starting...
2024/11/26 10:47:38 Database connection established.
2024/11/26 10:47:38 Datadog tracer started
2024/11/26 10:47:38 Starting server on :8080...
2024/11/26 10:48:28 Logging started...
2024/11/26 10:48:28 Application is starting...
2024/11/26 10:48:28 Database connection established.
2024/11/26 10:48:28 Datadog tracer started
2024/11/26 10:48:28 Starting server on :8080...
2024/11/26 10:59:15 Error executing query: driver: bad connection
2024/11/26 10:59:47 Logging started...
2024/11/26 10:59:47 Application is starting...
2024/11/26 10:59:47 Database connection established.
2024/11/26 10:59:47 Datadog tracer started
2024/11/26 10:59:47 Starting server on :8080...
2024/11/26 11:04:41 Error executing query: dial tcp [::1]:3306: connect: connection refused
