2024/11/26 09:42:31 Logging started...
2024/11/26 09:42:31 Application is starting...
2024/11/26 09:42:31 Database connection established.
2024/11/26 09:42:31 Starting server on :8080...
2024/11/26 09:48:09 Logging started...
2024/11/26 09:48:09 Application is starting...
2024/11/26 09:48:09 Database connection established.
2024/11/26 09:48:09 Datadog tracer starting
2024/11/26 09:48:09 Starting server on :8080...
2024/11/26 09:51:03 Logging started...
2024/11/26 09:51:03 Application is starting...
2024/11/26 09:51:03 Database connection established.
2024/11/26 09:51:03 Datadog tracer starting
2024/11/26 09:51:03 Starting server on :8080...
2024/11/26 10:47:38 Logging started...
2024/11/26 10:47:38 Application is starting...
2024/11/26 10:47:38 Database connection established.
2024/11/26 10:47:38 Datadog tracer started
2024/11/26 10:47:38 Starting server on :8080...
2024/11/26 10:48:28 Logging started...
2024/11/26 10:48:28 Application is starting...
2024/11/26 10:48:28 Database connection established.
2024/11/26 10:48:28 Datadog tracer started
2024/11/26 10:48:28 Starting server on :8080...
2024/11/26 10:59:15 Error executing query: driver: bad connection
2024/11/26 10:59:47 Logging started...
2024/11/26 10:59:47 Application is starting...
2024/11/26 10:59:47 Database connection established.
2024/11/26 10:59:47 Datadog tracer started
2024/11/26 10:59:47 Starting server on :8080...
2024/11/26 11:04:41 Error executing query: dial tcp [::1]:3306: connect: connection refused
2024/12/06 14:37:47 Logging started...
2024/12/06 14:37:47 Application is starting...
2024/12/06 14:37:47 Error pinging the database: dial tcp [::1]:3306: connect: connection refused
2024/12/06 14:37:54 Logging started...
2024/12/06 14:37:54 Application is starting...
2024/12/06 14:37:54 Error pinging the database: dial tcp [::1]:3306: connect: connection refused
2024/12/06 14:38:20 Logging started...
2024/12/06 14:38:20 Application is starting...
2024/12/06 14:38:20 Database connection established.
2024/12/06 14:38:20 Datadog tracer started
2024/12/06 14:38:20 Starting server on :8080...
2024/12/10 10:23:25 Logging started...
2024/12/10 10:23:25 Application is starting...
2024/12/10 10:23:25 Database connection established.
2024/12/10 10:23:25 Datadog tracer started
2024/12/10 10:23:25 Starting server on :8080...
2024/12/18 09:59:52 Logging started...
2024/12/18 09:59:52 Application is starting...
2024/12/18 09:59:52 Error pinging the database: dial tcp [::1]:3306: connect: connection refused
2024/12/18 10:01:09 Logging started...
2024/12/18 10:01:09 Application is starting...
2024/12/18 10:01:09 Database connection established.
2024/12/18 10:01:09 Datadog tracer started
2024/12/18 10:01:09 Starting server on :8080...
2024/12/18 10:01:10 Error executing query: sql: no rows in result set
2024/12/18 10:01:13 Error executing query: sql: no rows in result set
2024/12/18 10:01:16 Error executing query: sql: no rows in result set
2024/12/18 10:01:21 Error executing query: sql: no rows in result set
2024/12/18 10:01:24 Error executing query: sql: no rows in result set
2024/12/18 10:01:27 Error executing query: sql: no rows in result set
2024/12/18 10:01:30 Error executing query: sql: no rows in result set
2024/12/18 10:01:33 Error executing query: sql: no rows in result set
2024/12/18 10:01:36 Error executing query: sql: no rows in result set
2024/12/18 10:01:39 Error executing query: sql: no rows in result set
2024/12/18 10:01:42 Error executing query: sql: no rows in result set
2024/12/18 10:01:45 Error executing query: sql: no rows in result set
2024/12/18 10:01:48 Error executing query: sql: no rows in result set
2024/12/18 10:01:51 Error executing query: sql: no rows in result set
2024/12/18 10:01:54 Error executing query: sql: no rows in result set
2024/12/18 10:01:57 Error executing query: sql: no rows in result set
2024/12/18 10:02:00 Error executing query: sql: no rows in result set
2024/12/18 10:02:03 Error executing query: sql: no rows in result set
2024/12/18 10:02:06 Error executing query: sql: no rows in result set
2024/12/18 10:02:09 Error executing query: sql: no rows in result set
2024/12/18 10:02:12 Error executing query: sql: no rows in result set
2024/12/18 10:02:15 Error executing query: sql: no rows in result set
2024/12/18 10:02:18 Error executing query: sql: no rows in result set
2024/12/18 10:02:21 Error executing query: sql: no rows in result set
2024/12/18 10:02:24 Error executing query: sql: no rows in result set
2024/12/18 10:02:27 Error executing query: sql: no rows in result set
2024/12/18 10:02:30 Error executing query: sql: no rows in result set
2024/12/18 10:02:33 Error executing query: sql: no rows in result set
2024/12/18 10:02:36 Error executing query: sql: no rows in result set
2024/12/18 10:02:39 Error executing query: sql: no rows in result set
2024/12/18 10:02:42 Error executing query: sql: no rows in result set
2024/12/18 10:02:45 Error executing query: sql: no rows in result set
2024/12/18 10:02:48 Error executing query: sql: no rows in result set
2024/12/18 10:02:51 Error executing query: sql: no rows in result set
2024/12/18 10:02:54 Error executing query: sql: no rows in result set
2024/12/18 10:02:57 Error executing query: sql: no rows in result set
2024/12/18 10:03:00 Error executing query: sql: no rows in result set
2024/12/18 10:03:03 Error executing query: sql: no rows in result set
2024/12/18 10:03:06 Error executing query: sql: no rows in result set
2024/12/18 10:03:09 Error executing query: sql: no rows in result set
2024/12/18 10:03:12 Error executing query: sql: no rows in result set
2024/12/18 10:03:15 Error executing query: sql: no rows in result set
2024/12/18 10:03:18 Error executing query: sql: no rows in result set
2024/12/18 10:03:21 Error executing query: sql: no rows in result set
2024/12/18 10:03:24 Error executing query: sql: no rows in result set
2024/12/18 10:03:27 Error executing query: sql: no rows in result set
2024/12/18 10:03:30 Error executing query: sql: no rows in result set
2024/12/18 10:03:33 Error executing query: sql: no rows in result set
2024/12/18 10:03:36 Error executing query: sql: no rows in result set
2024/12/18 10:03:39 Error executing query: sql: no rows in result set
2024/12/18 10:03:42 Error executing query: sql: no rows in result set
2024/12/18 10:03:45 Error executing query: sql: no rows in result set
2024/12/18 10:03:48 Error executing query: sql: no rows in result set
2024/12/18 10:03:51 Error executing query: sql: no rows in result set
2024/12/18 10:03:54 Error executing query: sql: no rows in result set
2024/12/18 10:03:57 Error executing query: sql: no rows in result set
2024/12/18 10:04:00 Error executing query: sql: no rows in result set
2024/12/18 10:04:03 Error executing query: sql: no rows in result set
2024/12/18 10:04:06 Error executing query: sql: no rows in result set
2024/12/18 10:04:09 Error executing query: sql: no rows in result set
2024/12/18 10:04:12 Error executing query: sql: no rows in result set
2024/12/18 10:04:15 Error executing query: sql: no rows in result set
2024/12/18 10:04:18 Error executing query: sql: no rows in result set
2024/12/18 10:04:21 Error executing query: sql: no rows in result set
2024/12/18 10:04:24 Error executing query: sql: no rows in result set
2024/12/18 10:04:27 Error executing query: sql: no rows in result set
2024/12/18 10:04:30 Error executing query: sql: no rows in result set
2024/12/18 10:04:33 Error executing query: sql: no rows in result set
2024/12/18 10:04:36 Error executing query: sql: no rows in result set
2024/12/18 10:04:39 Error executing query: sql: no rows in result set
2024/12/18 10:04:42 Error executing query: sql: no rows in result set
2024/12/18 10:04:47 Error executing query: sql: no rows in result set
2024/12/18 10:04:50 Error executing query: sql: no rows in result set
2024/12/18 10:04:53 Error executing query: sql: no rows in result set
2024/12/18 10:04:56 Error executing query: sql: no rows in result set
2024/12/18 10:04:59 Error executing query: sql: no rows in result set
2024/12/18 10:05:03 Error executing query: sql: no rows in result set
2024/12/18 10:05:07 Error executing query: sql: no rows in result set
2024/12/18 10:05:11 Error executing query: sql: no rows in result set
2024/12/18 10:05:15 Error executing query: sql: no rows in result set
2024/12/18 11:32:53 Logging started...
2024/12/18 11:32:53 Application is starting...
2024/12/18 11:32:53 Database connection established.
2024/12/18 11:32:53 Seeding database with predetermined words...
2024/12/18 11:32:53 Database seeding completed.
2024/12/18 11:32:53 Datadog tracer started
2024/12/18 11:32:53 Starting server on :8080...
2024/12/18 12:27:00 Logging started...
2024/12/18 12:27:00 Application is starting...
2024/12/18 12:27:00 Database connection established.
2024/12/18 12:27:00 Seeding database with predetermined words...
2024/12/18 12:27:00 Database seeding completed.
2024/12/18 12:27:00 Datadog tracer started
2024/12/18 12:27:00 Starting server on :8080...
2024/12/18 12:33:23 Logging started...
2024/12/18 12:33:23 Application is starting...
2024/12/18 12:33:23 Database connection established.
2024/12/18 12:33:23 Seeding database with predetermined words...
2024/12/18 12:33:23 Database seeding completed.
2024/12/18 12:33:23 Datadog tracer started
2024/12/18 12:33:23 Go application started successfully
2024/12/18 12:33:23 Starting server on :8080...
2024/12/18 12:39:57 Logging started...
2024/12/18 12:39:57 Application is starting...
2024/12/18 12:39:57 Database connection established.
2024/12/18 12:39:57 Seeding database with predetermined words...
2024/12/18 12:39:57 Database seeding completed.
2024/12/18 12:39:57 Datadog tracer started
2024/12/18 12:39:57 Go application started successfully
2024/12/18 12:39:57 Starting server on :8080...
2024/12/18 12:43:35 Logging started...
2024/12/18 12:43:35 Logging started...
2024/12/18 12:43:35 Application is starting...
2024/12/18 12:43:35 Database connection established.
2024/12/18 12:43:35 Seeding database with predetermined words...
2024/12/18 12:43:35 Database seeding completed.
2024/12/18 12:43:35 Datadog tracer started
2024/12/18 12:43:35 Go application started successfully
2024/12/18 12:43:35 Starting server on :8080...
2024/12/18 12:50:31 Logging started...
2024/12/18 12:50:31 Logging started...
2024/12/18 12:50:31 Application is starting...
2024/12/18 12:50:31 Database connection established.
2024/12/18 12:50:31 Seeding database with predetermined words...
2024/12/18 12:50:31 Database seeding completed.
2024/12/18 12:50:31 Datadog tracer started
2024/12/18 12:50:31 Go application started successfully
2024/12/18 12:50:31 Starting server on :8080...
2024/12/18 13:02:36 Logging started...
2024/12/18 13:02:36 Logging started...
2024/12/18 13:02:36 Application is starting...
2024/12/18 13:02:36 Database connection established.
2024/12/18 13:02:36 Seeding database with predetermined words...
2024/12/18 13:02:36 Database seeding completed.
2024/12/18 13:02:36 Datadog tracer started
2024/12/18 13:02:36 Go application started successfully
2024/12/18 13:02:36 Starting server on :8080...
